Version 7.8.1 of praw is outdated. Version 7.8.2 was released 4 days ago.
Articles total:   635
Already posted:   323
Pending to post:  312
Limiting to:      5 posts this run

Posting to r/Grunsgummies as u/Basic-Strain-6922

[1/5] Posting: Complete guide: b vitamins: energy and benefits explained and Gr³ns
  OK Posted: https://reddit.com/r/Grunsgummies/comments/1u3ti1e/complete_guide_b_vitamins_energy_and_benefits/
  Waiting 60s...
[2/5] Posting: Complete guide: calories: how many per serving? and Gr³ns
  OK Posted: https://reddit.com/r/Grunsgummies/comments/1u3titu/complete_guide_calories_how_many_per_serving_and/
  Waiting 60s...
[3/5] Posting: Complete guide: for energy: does it actually work? and Gr³ns
  OK Posted: https://reddit.com/r/Grunsgummies/comments/1u3tjnj/complete_guide_for_energy_does_it_actually_work/
  Waiting 60s...
[4/5] Posting: Complete guide: for gut health: what the research says and Gr³ns
  OK Posted: https://reddit.com/r/Grunsgummies/comments/1u3tkg5/complete_guide_for_gut_health_what_the_research/
  Waiting 60s...
[5/5] Posting: Complete guide: for immunity: can greens gummies boost immunity? and Gr³ns
  OK Posted: https://reddit.com/r/Grunsgummies/comments/1u3tl7q/complete_guide_for_immunity_can_greens_gummies/

Done! Posted 5 article(s) to r/Grunsgummies.
Version 7.8.1 of praw is outdated. Version 7.8.2 was released 4 days ago.
Articles total:   635
Already posted:   324
Pending to post:  47
Limiting to:      5 posts this run

Posting to r/Grunsgummies as u/Basic-Strain-6922

[1/5] Posting: Gr³ns for Age-Related Macular Degeneration: Eye Health
  OK Posted: https://reddit.com/r/Grunsgummies/comments/1u3txu6/gr³ns_for_agerelated_macular_degeneration_eye/
  Waiting 60s...
[2/5] Posting: Gr³ns for Allergies: Immune Tolerance Building
  OK Posted: https://reddit.com/r/Grunsgummies/comments/1u3tymh/gr³ns_for_allergies_immune_tolerance_building/
  Waiting 60s...
[3/5] Posting: Gr³ns for Asthma: Respiratory Health Support
  OK Posted: https://reddit.com/r/Grunsgummies/comments/1u3tzeg/gr³ns_for_asthma_respiratory_health_support/
  Waiting 60s...
[4/5] Posting: Gr³ns for Autism Spectrum: Nutritional Support
  OK Posted: https://reddit.com/r/Grunsgummies/comments/1u3u082/gr³ns_for_autism_spectrum_nutritional_support/
  Waiting 60s...
[5/5] Posting: Gr³ns for Autoimmune Conditions: Nutrition Support
  OK Posted: https://reddit.com/r/Grunsgummies/comments/1u3u11p/gr³ns_for_autoimmune_conditions_nutrition_support/

Done! Posted 5 article(s) to r/Grunsgummies.
