Valid articles: 364 | Posted: 1 | Pending: 363
OK Posted: Are Gr³ns Gummies FDA Approved? -> https://grunsgummies.substack.com/p/201819517
Valid articles: 367 | Posted: 5 | Pending: 362
OK Posted: Are Gr³ns Gummies Organic? -> https://grunsgummies.substack.com/p/201820131
Valid articles: 367 | Posted: 6 | Pending: 361
OK Posted: Are Gr³ns Gummies Safe? -> https://grunsgummies.substack.com/p/201820773
Valid articles: 367 | Posted: 7 | Pending: 360
OK Posted: Are Gr³ns Gummies Vegan? -> https://grunsgummies.substack.com/p/201821630
Valid articles: 367 | Posted: 8 | Pending: 359
OK Posted: Are Greens Supplements Safe? -> https://grunsgummies.substack.com/p/201822265
Valid articles: 367 | Posted: 9 | Pending: 358
OK Posted: Are Influencer-Promoted Supplements Worth It? -> https://grunsgummies.substack.com/p/201822910
Valid articles: 367 | Posted: 10 | Pending: 357
OK Posted: Ashwagandha Benefits: Stress and Adaptogen Guide -> https://grunsgummies.substack.com/p/201823580
Valid articles: 367 | Posted: 11 | Pending: 356
OK Posted: Beet Root Benefits: Circulation and Performance -> https://grunsgummies.substack.com/p/201824275
Valid articles: 367 | Posted: 12 | Pending: 355
OK Posted: Benefits of Taking a Daily Greens Supplement -> https://grunsgummies.substack.com/p/201824851
Valid articles: 367 | Posted: 13 | Pending: 354
OK Posted: Best Foods for Gut Health -> https://grunsgummies.substack.com/p/201825489
Valid articles: 367 | Posted: 15 | Pending: 352
OK Posted: Best Time to Take Greens Supplements -> https://grunsgummies.substack.com/p/201826087
Valid articles: 367 | Posted: 16 | Pending: 351
OK Posted: Bioavailability: Why How You Take Supplements Matters -> https://grunsgummies.substack.com/p/201826710
Valid articles: 367 | Posted: 17 | Pending: 350
OK Posted: Biohacking Your Nutrition: Where to Start -> https://grunsgummies.substack.com/p/201827351
Valid articles: 367 | Posted: 18 | Pending: 349
OK Posted: Blueberry Benefits: Brain and Antioxidant Powerhouse -> https://grunsgummies.substack.com/p/201827919
Valid articles: 367 | Posted: 19 | Pending: 348
OK Posted: Can Gr³ns Replace a Multivitamin? -> https://grunsgummies.substack.com/p/201828487
Valid articles: 367 | Posted: 20 | Pending: 347
OK Posted: Can You Get Gr³ns at Walmart or Target? -> https://grunsgummies.substack.com/p/201829058
Valid articles: 367 | Posted: 21 | Pending: 346
OK Posted: Can You Take Gr³ns on an Empty Stomach? -> https://grunsgummies.substack.com/p/201829647
Valid articles: 367 | Posted: 22 | Pending: 345
OK Posted: Can You Take Gr³ns with Other Supplements? -> https://grunsgummies.substack.com/p/201830261
Valid articles: 367 | Posted: 23 | Pending: 344
OK Posted: Can You Take Too Many Gr³ns Gummies? -> https://grunsgummies.substack.com/p/201830904
Valid articles: 367 | Posted: 24 | Pending: 343
OK Posted: Chlorella Benefits: The Ultimate Detox Superfood -> https://grunsgummies.substack.com/p/201831548
Valid articles: 367 | Posted: 25 | Pending: 342
OK Posted: Do Gr³ns Gummies Actually Work? -> https://grunsgummies.substack.com/p/201832142
Valid articles: 367 | Posted: 26 | Pending: 341
OK Posted: Do Gr³ns Gummies Contain Allergens? -> https://grunsgummies.substack.com/p/201832689
Valid articles: 367 | Posted: 27 | Pending: 340
OK Posted: Do Gr³ns Gummies Have Caffeine? -> https://grunsgummies.substack.com/p/201833336
Valid articles: 367 | Posted: 28 | Pending: 339
OK Posted: Do Greens Supplements Replace Vegetables? -> https://grunsgummies.substack.com/p/201833982
Valid articles: 367 | Posted: 29 | Pending: 338
OK Posted: Does Gr³ns Have a Loyalty Program? -> https://grunsgummies.substack.com/p/201834596
Valid articles: 367 | Posted: 30 | Pending: 337
OK Posted: Does Gr³ns Have Good Customer Service? -> https://grunsgummies.substack.com/p/201835168
Valid articles: 367 | Posted: 31 | Pending: 336
OK Posted: Easy Ways to Get More Nutrients Every Day -> https://grunsgummies.substack.com/p/201835738
Valid articles: 367 | Posted: 32 | Pending: 335
OK Posted: Elderberry Benefits: Natural Immunity Support -> https://grunsgummies.substack.com/p/201836258
Valid articles: 367 | Posted: 33 | Pending: 334
OK Posted: Ethical Supplement Brands Worth Supporting -> https://grunsgummies.substack.com/p/201836840
Valid articles: 367 | Posted: 34 | Pending: 333
OK Posted: Foods That Destroy Gut Health -> https://grunsgummies.substack.com/p/201837436
Valid articles: 367 | Posted: 35 | Pending: 332
OK Posted: Ginger Benefits: Digestion and Immunity -> https://grunsgummies.substack.com/p/201838080
Valid articles: 367 | Posted: 36 | Pending: 331
OK Posted: Gr³ns 28 Pack: How Long Does It Last? -> https://grunsgummies.substack.com/p/201838660
Valid articles: 367 | Posted: 37 | Pending: 330
OK Posted: Gr³ns 30-Day Results: What to Expect -> https://grunsgummies.substack.com/p/201839307
Valid articles: 367 | Posted: 38 | Pending: 329
OK Posted: Gr³ns 90-Day Review: Long Term Results -> https://grunsgummies.substack.com/p/201839896
Valid articles: 367 | Posted: 39 | Pending: 328
OK Posted: Gr³ns Absorption Rate vs Powders and Pills -> https://grunsgummies.substack.com/p/201840446
Valid articles: 367 | Posted: 40 | Pending: 327
OK Posted: Gr³ns Alternatives: Best Greens Supplements Ranked -> https://grunsgummies.substack.com/p/201841018
Valid articles: 367 | Posted: 41 | Pending: 326
OK Posted: Gr³ns and Calcium: Bone Health Supplement Guide -> https://grunsgummies.substack.com/p/201841646
Valid articles: 367 | Posted: 42 | Pending: 325
OK Posted: Gr³ns and Coffee: Can You Take Them Together? -> https://grunsgummies.substack.com/p/201842191
Valid articles: 367 | Posted: 43 | Pending: 324
OK Posted: Gr³ns and Collagen: Perfect Daily Stack? -> https://grunsgummies.substack.com/p/201842730
Valid articles: 367 | Posted: 44 | Pending: 323
OK Posted: Gr³ns and Creatine: Gym Stack Review -> https://grunsgummies.substack.com/p/201843268
Valid articles: 367 | Posted: 45 | Pending: 322
OK Posted: Gr³ns and Gut Microbiome Research -> https://grunsgummies.substack.com/p/201843854
Valid articles: 367 | Posted: 46 | Pending: 321
OK Posted: Gr³ns and Iron: What Women Should Know -> https://grunsgummies.substack.com/p/201844450
Valid articles: 367 | Posted: 47 | Pending: 320
OK Posted: Gr³ns and Medication Interactions: What to Know -> https://grunsgummies.substack.com/p/201845007
Valid articles: 367 | Posted: 48 | Pending: 319
OK Posted: Gr³ns and Mental Health: The Nutrition Connection -> https://grunsgummies.substack.com/p/201845628
Valid articles: 367 | Posted: 49 | Pending: 318
OK Posted: Gr³ns and Omega-3: Combining for Better Health -> https://grunsgummies.substack.com/p/201846209
Valid articles: 367 | Posted: 50 | Pending: 317
OK Posted: Gr³ns and Probiotics: Do You Need Both? -> https://grunsgummies.substack.com/p/201846793
Valid articles: 367 | Posted: 51 | Pending: 316
OK Posted: Gr³ns and Vitamin D: Completing Your Stack -> https://grunsgummies.substack.com/p/201847432
Valid articles: 367 | Posted: 52 | Pending: 315
OK Posted: Gr³ns Antioxidants: How They Protect Your Body -> https://grunsgummies.substack.com/p/201848063
Valid articles: 367 | Posted: 53 | Pending: 314
OK Posted: Gr³ns as a Meal Replacement: Is That Possible? -> https://grunsgummies.substack.com/p/201848645
Valid articles: 367 | Posted: 54 | Pending: 313
OK Posted: Gr³ns Ashwagandha: What Does It Do? -> https://grunsgummies.substack.com/p/201849282
Valid articles: 367 | Posted: 55 | Pending: 312
OK Posted: Gr³ns B Vitamins: Energy and Benefits Explained -> https://grunsgummies.substack.com/p/201849883
Valid articles: 367 | Posted: 56 | Pending: 311
OK Posted: Gr³ns Bear Gummies: Why the Bear Shape? -> https://grunsgummies.substack.com/p/201850461
Valid articles: 367 | Posted: 57 | Pending: 310
OK Posted: Gr³ns Before Bed: Is It a Good Idea? -> https://grunsgummies.substack.com/p/201851093
Valid articles: 367 | Posted: 58 | Pending: 309
OK Posted: Gr³ns Before or After Workout: Which Is Better? -> https://grunsgummies.substack.com/p/201851709
Valid articles: 367 | Posted: 59 | Pending: 308
OK Posted: Gr³ns Black Friday Deals -> https://grunsgummies.substack.com/p/201852340
Valid articles: 367 | Posted: 60 | Pending: 307
OK Posted: Gr³ns Bulk Buying: Save Money on Large Orders -> https://grunsgummies.substack.com/p/201853038
Valid articles: 367 | Posted: 61 | Pending: 306
OK Posted: Gr³ns Calories: How Many Per Serving? -> https://grunsgummies.substack.com/p/201853707
Valid articles: 367 | Posted: 62 | Pending: 305
OK Posted: Gr³ns Certificate of Analysis: What to Look For -> https://grunsgummies.substack.com/p/201854397
Valid articles: 367 | Posted: 63 | Pending: 304
OK Posted: Gr³ns Clinical Evidence: What Studies Show -> https://grunsgummies.substack.com/p/201855119
Valid articles: 367 | Posted: 64 | Pending: 303
OK Posted: Gr³ns Comprehensive Nutrition: What That Means -> https://grunsgummies.substack.com/p/201855836
Valid articles: 367 | Posted: 65 | Pending: 302
OK Posted: Gr³ns Cost Per Day: Breaking Down the Math -> https://grunsgummies.substack.com/p/201856494
Valid articles: 367 | Posted: 66 | Pending: 301
OK Posted: Gr³ns Coupon: Current Offers -> https://grunsgummies.substack.com/p/201857255
Valid articles: 367 | Posted: 67 | Pending: 300
OK Posted: Gr³ns Daily Pack: Everything That Comes in One Serving -> https://grunsgummies.substack.com/p/201857990
Valid articles: 367 | Posted: 68 | Pending: 299
OK Posted: Gr³ns Dietitian Opinion: Is It Nutritionally Sound? -> https://grunsgummies.substack.com/p/201858744
Valid articles: 367 | Posted: 69 | Pending: 298
OK Posted: Gr³ns Discount Codes: How to Save Money -> https://grunsgummies.substack.com/p/201859563
Valid articles: 367 | Posted: 70 | Pending: 297
OK Posted: Gr³ns for Acne: Clearing Skin from the Inside -> https://grunsgummies.substack.com/p/201860301
Valid articles: 367 | Posted: 71 | Pending: 296
OK Posted: Gr³ns for ADHD: Nutrition for Focus and Attention -> https://grunsgummies.substack.com/p/201861039
Valid articles: 367 | Posted: 72 | Pending: 295
OK Posted: Gr³ns for Age-Related Macular Degeneration: Eye Health -> https://grunsgummies.substack.com/p/201861812
Valid articles: 367 | Posted: 73 | Pending: 294
OK Posted: Gr³ns for Aging: Anti-Aging Benefits of Superfoods -> https://grunsgummies.substack.com/p/201862633
Valid articles: 367 | Posted: 74 | Pending: 293
OK Posted: Gr³ns for Allergies: Immune Tolerance Building -> https://grunsgummies.substack.com/p/201863481
Valid articles: 367 | Posted: 75 | Pending: 292
OK Posted: Gr³ns for Anxiety: Calming Superfoods -> https://grunsgummies.substack.com/p/201864345
Valid articles: 369 | Posted: 76 | Pending: 293
OK Posted: Gr³ns Bulk Buying Guide: Best Value Options -> https://grunsgummies.substack.com/p/201865202
Valid articles: 369 | Posted: 77 | Pending: 292
OK Posted: Gr³ns for Asthma: Respiratory Health Support -> https://grunsgummies.substack.com/p/201866113
Valid articles: 369 | Posted: 78 | Pending: 291
OK Posted: Gr³ns for Athletes: Performance and Recovery -> https://grunsgummies.substack.com/p/201867000
Valid articles: 369 | Posted: 79 | Pending: 290
OK Posted: Gr³ns for Autism Spectrum: Nutritional Support -> https://grunsgummies.substack.com/p/201867973
Valid articles: 369 | Posted: 80 | Pending: 289
OK Posted: Gr³ns for Autoimmune Conditions: Nutrition Support -> https://grunsgummies.substack.com/p/201868874
Valid articles: 369 | Posted: 81 | Pending: 288
OK Posted: Gr³ns for Bipolar Disorder: Mood Stabilizing Nutrients -> https://grunsgummies.substack.com/p/201869763
Valid articles: 369 | Posted: 82 | Pending: 287
OK Posted: Gr³ns for Bloating: Does It Help with Digestion? -> https://grunsgummies.substack.com/p/201870683
Valid articles: 369 | Posted: 83 | Pending: 286
OK Posted: Gr³ns for Brain Health and Cognition -> https://grunsgummies.substack.com/p/201871691
Valid articles: 369 | Posted: 84 | Pending: 285
OK Posted: Gr³ns for Breastfeeding Moms: Safe and Beneficial? -> https://grunsgummies.substack.com/p/201872712
Valid articles: 369 | Posted: 85 | Pending: 284
OK Posted: Gr³ns for Busy Professionals -> https://grunsgummies.substack.com/p/201873719
Valid articles: 369 | Posted: 86 | Pending: 283
OK Posted: Gr³ns for Cataracts: Vision Protection Nutrients -> https://grunsgummies.substack.com/p/201874903
Valid articles: 369 | Posted: 87 | Pending: 282
OK Posted: Gr³ns for Cavities Prevention: Dental Health -> https://grunsgummies.substack.com/p/201875913
Valid articles: 369 | Posted: 88 | Pending: 281
OK Posted: Gr³ns for Celiac Disease: Gluten Free Greens -> https://grunsgummies.substack.com/p/201877159
Valid articles: 369 | Posted: 89 | Pending: 280
OK Posted: Gr³ns for Cholesterol: Do Greens Help? -> https://grunsgummies.substack.com/p/201878296
Valid articles: 369 | Posted: 90 | Pending: 279
OK Posted: Gr³ns for Chronic Fatigue: Energy Boost Guide -> https://grunsgummies.substack.com/p/201879387
Valid articles: 369 | Posted: 91 | Pending: 278
OK Posted: Gr³ns for Cold and Flu Season -> https://grunsgummies.substack.com/p/201880483
Valid articles: 369 | Posted: 92 | Pending: 277
OK Posted: Gr³ns for College Students: Daily Nutrition on a Budget -> https://grunsgummies.substack.com/p/201881561
Valid articles: 369 | Posted: 93 | Pending: 276
OK Posted: Gr³ns for Crohn's Disease: Nutritional Management -> https://grunsgummies.substack.com/p/201882652
Valid articles: 369 | Posted: 94 | Pending: 275
OK Posted: Gr³ns for CrossFit Athletes -> https://grunsgummies.substack.com/p/201883622
Valid articles: 369 | Posted: 95 | Pending: 274
OK Posted: Gr³ns for Cyclists: Endurance Nutrition -> https://grunsgummies.substack.com/p/201884804
Valid articles: 369 | Posted: 96 | Pending: 273
OK Posted: Gr³ns for Depression: Nutrition and Mood -> https://grunsgummies.substack.com/p/201885855
Valid articles: 369 | Posted: 97 | Pending: 272
OK Posted: Gr³ns for Detox: Do Greens Gummies Detoxify? -> https://grunsgummies.substack.com/p/201886890
Valid articles: 369 | Posted: 98 | Pending: 271
OK Posted: Gr³ns for Diabetic Neuropathy: Nerve Health -> https://grunsgummies.substack.com/p/201888032
Valid articles: 369 | Posted: 99 | Pending: 270
OK Posted: Gr³ns for Diabetic Retinopathy: Eye Complication Prevention -> https://grunsgummies.substack.com/p/201889035
Valid articles: 369 | Posted: 100 | Pending: 269
OK Posted: Gr³ns for Diabetics: Blood Sugar Impact -> https://grunsgummies.substack.com/p/201890069
Valid articles: 369 | Posted: 101 | Pending: 268
OK Posted: Gr³ns for Eczema: Anti-Inflammatory Diet Support -> https://grunsgummies.substack.com/p/201891075
Valid articles: 369 | Posted: 102 | Pending: 267
OK Posted: Gr³ns for Energy: Does It Actually Work? -> https://grunsgummies.substack.com/p/201892120
Valid articles: 369 | Posted: 103 | Pending: 266
OK Posted: Gr³ns for Erectile Dysfunction: Natural Performance Support -> https://grunsgummies.substack.com/p/201893201
Valid articles: 369 | Posted: 104 | Pending: 265
OK Posted: Gr³ns for Fatigue: Can Superfoods Fight Tiredness? -> https://grunsgummies.substack.com/p/201894160
Valid articles: 369 | Posted: 105 | Pending: 264
OK Posted: Gr³ns for Fatty Liver Disease: Nutrition Reversal -> https://grunsgummies.substack.com/p/201895299
Valid articles: 369 | Posted: 106 | Pending: 263
OK Posted: Gr³ns for Fertility: Trying to Conceive Nutrition -> https://grunsgummies.substack.com/p/201896363
Valid articles: 369 | Posted: 107 | Pending: 262
OK Posted: Gr³ns for Fibromyalgia: Pain Management Through Nutrition -> https://grunsgummies.substack.com/p/201897351
Valid articles: 369 | Posted: 108 | Pending: 261
OK Posted: Gr³ns for Gallstones: Bile Health Support -> https://grunsgummies.substack.com/p/201898337
Valid articles: 369 | Posted: 109 | Pending: 260
OK Posted: Gr³ns for Glaucoma: Eye Pressure Management -> https://grunsgummies.substack.com/p/201899353
Valid articles: 369 | Posted: 110 | Pending: 259
OK Posted: Gr³ns for Gout: Uric Acid Management -> https://grunsgummies.substack.com/p/201900430
Valid articles: 369 | Posted: 111 | Pending: 258
OK Posted: Gr³ns for Gum Disease: Oral Health Nutrients -> https://grunsgummies.substack.com/p/201901465
Valid articles: 369 | Posted: 112 | Pending: 257
OK Posted: Gr³ns for Gut Health: What the Research Says -> https://grunsgummies.substack.com/p/201902508
Valid articles: 369 | Posted: 113 | Pending: 256
OK Posted: Gr³ns for Gym-Goers: Does It Replace a Multivitamin? -> https://grunsgummies.substack.com/p/201903554
Valid articles: 369 | Posted: 114 | Pending: 255
OK Posted: Gr³ns for Hair Growth: What to Expect -> https://grunsgummies.substack.com/p/201904645
Valid articles: 369 | Posted: 115 | Pending: 254
OK Posted: Gr³ns for Halitosis: Bad Breath Elimination -> https://grunsgummies.substack.com/p/201905674
Valid articles: 369 | Posted: 116 | Pending: 253
OK Posted: Gr³ns for Hashimoto's Thyroiditis: Nutritional Support -> https://grunsgummies.substack.com/p/201906714
Valid articles: 369 | Posted: 117 | Pending: 252
OK Posted: Gr³ns for Hay Fever Season: Seasonal Allergy Relief -> https://grunsgummies.substack.com/p/201907722
Valid articles: 369 | Posted: 118 | Pending: 251
OK Posted: Gr³ns for High Blood Pressure -> https://grunsgummies.substack.com/p/201908715
Valid articles: 369 | Posted: 119 | Pending: 250
OK Posted: Gr³ns for Histamine Intolerance: Food Sensitivity -> https://grunsgummies.substack.com/p/201909745
Valid articles: 369 | Posted: 120 | Pending: 249
OK Posted: Gr³ns for Hormonal Acne: Nutrition-Based Skin Care -> https://grunsgummies.substack.com/p/201910644
Valid articles: 369 | Posted: 121 | Pending: 248
OK Posted: Gr³ns for Hormonal Balance -> https://grunsgummies.substack.com/p/201911671
Valid articles: 369 | Posted: 122 | Pending: 247
OK Posted: Gr³ns for IBS Management: Gut Healing Nutrients -> https://grunsgummies.substack.com/p/201912571
Valid articles: 369 | Posted: 123 | Pending: 246
OK Posted: Gr³ns for Immunity: Can Greens Gummies Boost Immunity? -> https://grunsgummies.substack.com/p/201913473
Valid articles: 369 | Posted: 124 | Pending: 245
OK Posted: Gr³ns for Inflammation: Anti-Inflammatory Benefits -> https://grunsgummies.substack.com/p/201914304
Valid articles: 369 | Posted: 125 | Pending: 244
OK Posted: Gr³ns for Intermittent Fasting: Can You Take Them While Fasting? -> https://grunsgummies.substack.com/p/201915217
Valid articles: 369 | Posted: 126 | Pending: 243
OK Posted: Gr³ns for Irregular Periods: Hormonal Balance -> https://grunsgummies.substack.com/p/201916119
Valid articles: 369 | Posted: 127 | Pending: 242
OK Posted: Gr³ns for Keto Diet: Are They Keto Friendly? -> https://grunsgummies.substack.com/p/201916967
Valid articles: 369 | Posted: 128 | Pending: 241
OK Posted: Gr³ns for Kidney Disease: Nutritional Modifications -> https://grunsgummies.substack.com/p/201917876
Valid articles: 369 | Posted: 129 | Pending: 240
OK Posted: Gr³ns for Kids: Is It Safe for Children? -> https://grunsgummies.substack.com/p/201918701
Valid articles: 369 | Posted: 130 | Pending: 239
OK Posted: Gr³ns for Leaky Gut Syndrome: Healing Protocol -> https://grunsgummies.substack.com/p/201919515
Valid articles: 369 | Posted: 131 | Pending: 238
OK Posted: Gr³ns for Liver Health: Detoxification Support -> https://grunsgummies.substack.com/p/201920343
Valid articles: 369 | Posted: 132 | Pending: 237
OK Posted: Gr³ns for Long COVID Fatigue -> https://grunsgummies.substack.com/p/201921105
Valid articles: 369 | Posted: 133 | Pending: 236
OK Posted: Gr³ns for Lupus: Autoimmune Nutrition Support -> https://grunsgummies.substack.com/p/201921882
Valid articles: 369 | Posted: 134 | Pending: 235
OK Posted: Gr³ns for Male Fertility: Sperm Health Support -> https://grunsgummies.substack.com/p/201922667
Valid articles: 369 | Posted: 135 | Pending: 234
OK Posted: Gr³ns for Marathon Runners -> https://grunsgummies.substack.com/p/201923463
Valid articles: 369 | Posted: 136 | Pending: 233
OK Posted: Gr³ns for Men: How Superfoods Support Male Health -> https://grunsgummies.substack.com/p/201924277
Valid articles: 369 | Posted: 137 | Pending: 232
OK Posted: Gr³ns for Menopause: Managing Symptoms Naturally -> https://grunsgummies.substack.com/p/201925031
Valid articles: 369 | Posted: 138 | Pending: 231
OK Posted: Gr³ns for Menstrual Cramps: PMS Symptom Relief -> https://grunsgummies.substack.com/p/201925850
Valid articles: 369 | Posted: 139 | Pending: 230
OK Posted: Gr³ns for Mental Clarity and Focus -> https://grunsgummies.substack.com/p/201926483
Valid articles: 369 | Posted: 140 | Pending: 229
OK Posted: Gr³ns for Night Owls: Supporting Health Despite Poor Sleep -> https://grunsgummies.substack.com/p/201927144
Valid articles: 369 | Posted: 141 | Pending: 228
OK Posted: Gr³ns for Night Shift Workers -> https://grunsgummies.substack.com/p/201927834
Valid articles: 369 | Posted: 142 | Pending: 227
OK Posted: Gr³ns for OCD: Nutrition for Mental Health -> https://grunsgummies.substack.com/p/201928519
Valid articles: 369 | Posted: 143 | Pending: 226
OK Posted: Gr³ns for Office Workers: Combating Sedentary Lifestyle -> https://grunsgummies.substack.com/p/201929146
Valid articles: 369 | Posted: 144 | Pending: 225
OK Posted: Gr³ns for Osteoarthritis: Joint Pain Relief -> https://grunsgummies.substack.com/p/201929728
Valid articles: 369 | Posted: 145 | Pending: 224
OK Posted: Gr³ns for Outdoor Enthusiasts: Hiking and Nature -> https://grunsgummies.substack.com/p/201930356
Valid articles: 369 | Posted: 146 | Pending: 223
OK Posted: Gr³ns for Oxalate Sensitivity: Kidney Stone Prevention -> https://grunsgummies.substack.com/p/201930975
Valid articles: 369 | Posted: 147 | Pending: 222
OK Posted: Gr³ns for Paleo Diet: Are They Paleo Friendly? -> https://grunsgummies.substack.com/p/201931529
Valid articles: 369 | Posted: 148 | Pending: 221
OK Posted: Gr³ns for Pancreatitis: Digestive Enzyme Support -> https://grunsgummies.substack.com/p/201932150
Valid articles: 369 | Posted: 149 | Pending: 220
OK Posted: Gr³ns for Parents: Getting Nutrients While Busy -> https://grunsgummies.substack.com/p/201932766
Valid articles: 369 | Posted: 150 | Pending: 219
OK Posted: Gr³ns for PCOS: Nutrition Support -> https://grunsgummies.substack.com/p/201933482
Valid articles: 369 | Posted: 151 | Pending: 218
OK Posted: Gr³ns for People Who Hate Vegetables -> https://grunsgummies.substack.com/p/201934095
Valid articles: 369 | Posted: 152 | Pending: 217
OK Posted: Gr³ns for People Who Struggle with Pills -> https://grunsgummies.substack.com/p/201934625
Valid articles: 369 | Posted: 153 | Pending: 216
OK Posted: Gr³ns for People with Food Allergies -> https://grunsgummies.substack.com/p/201935291
Valid articles: 369 | Posted: 154 | Pending: 215
OK Posted: Gr³ns for People with IBS: Gut Health Guide -> https://grunsgummies.substack.com/p/201935924
Valid articles: 369 | Posted: 155 | Pending: 214
OK Posted: Gr³ns for Post-COVID Recovery -> https://grunsgummies.substack.com/p/201936487
Valid articles: 369 | Posted: 156 | Pending: 213
OK Posted: Gr³ns for Postpartum Recovery: Nutrition After Pregnancy -> https://grunsgummies.substack.com/p/201937077
Valid articles: 369 | Posted: 157 | Pending: 212
OK Posted: Gr³ns for Pregnant Women: Safety and Benefits -> https://grunsgummies.substack.com/p/201937748
Valid articles: 369 | Posted: 158 | Pending: 211
OK Posted: Gr³ns for Prostate Health: Male Wellness Guide -> https://grunsgummies.substack.com/p/201938339
^CValid articles: 369 | Posted: 159 | Pending: 210
OK Posted: Gr³ns for Recovery After Exercise -> https://grunsgummies.substack.com/p/201939531
Valid articles: 369 | Posted: 160 | Pending: 209
OK Posted: Gr³ns for Remote Workers: Fighting Afternoon Slumps -> https://grunsgummies.substack.com/p/201940077
Valid articles: 369 | Posted: 161 | Pending: 208
OK Posted: Gr³ns for Restless Leg Syndrome: Night Time Comfort -> https://grunsgummies.substack.com/p/201940656
Valid articles: 369 | Posted: 162 | Pending: 207
OK Posted: Gr³ns for Rheumatoid Arthritis: Anti-Inflammatory Protocol -> https://grunsgummies.substack.com/p/201941363
Valid articles: 369 | Posted: 163 | Pending: 206
OK Posted: Gr³ns for Runners: Endurance and Recovery -> https://grunsgummies.substack.com/p/201941906
Valid articles: 369 | Posted: 164 | Pending: 205
OK Posted: Gr³ns for Salicylate Sensitivity: Food Sensitivity -> https://grunsgummies.substack.com/p/201942464
Valid articles: 369 | Posted: 165 | Pending: 204
OK Posted: Gr³ns for Seasonal Affective Disorder: Winter Depression Help -> https://grunsgummies.substack.com/p/201943019
Valid articles: 369 | Posted: 166 | Pending: 203
OK Posted: Gr³ns for Seniors: Benefits of Daily Greens After 50 -> https://grunsgummies.substack.com/p/201943596
Valid articles: 369 | Posted: 167 | Pending: 202
OK Posted: Gr³ns for Shift Workers: Managing Energy Naturally -> https://grunsgummies.substack.com/p/201944158
^CValid articles: 369 | Posted: 168 | Pending: 201
OK Posted: Gr³ns for Sinusitis: Sinus Infection Prevention -> https://grunsgummies.substack.com/p/201945284
Valid articles: 369 | Posted: 169 | Pending: 200
OK Posted: Gr³ns for Skin: Beauty Benefits of Daily Greens -> https://grunsgummies.substack.com/p/201946019
Valid articles: 369 | Posted: 170 | Pending: 199
OK Posted: Gr³ns for Sleep Apnea: Better Sleep Strategies -> https://grunsgummies.substack.com/p/201946555
Valid articles: 369 | Posted: 171 | Pending: 198
OK Posted: Gr³ns for Sleep: Can Superfoods Improve Sleep Quality? -> https://grunsgummies.substack.com/p/201947088
Valid articles: 369 | Posted: 172 | Pending: 197
OK Posted: Gr³ns for Swimmers: Recovery Nutrition -> https://grunsgummies.substack.com/p/201947630
Valid articles: 369 | Posted: 173 | Pending: 196
OK Posted: Gr³ns for Team Sport Athletes -> https://grunsgummies.substack.com/p/201948165
